<?xml version="1.0" encoding="UTF-8"?>
<testng-results ignored="0" total="1" passed="1" failed="0" skipped="0">
  <reporter-output>
  </reporter-output>
  <suite started-at="2023-02-04T14:22:40 BRT" name="Default suite" finished-at="2023-02-04T14:22:42 BRT" duration-ms="2257">
    <groups>
    </groups>
    <test started-at="2023-02-04T14:22:40 BRT" name="Default test" finished-at="2023-02-04T14:22:42 BRT" duration-ms="2257">
      <class name="ProvaPost">
        <test-method signature="POST()[pri:0, instance:ProvaPost@1d8bd0de]" started-at="2023-02-04T14:22:40 BRT" name="POST" finished-at="2023-02-04T14:22:42 BRT" duration-ms="2223" status="PASS">
          <reporter-output>
          </reporter-output>
        </test-method> <!-- POST -->
      </class> <!-- ProvaPost -->
    </test> <!-- Default test -->
  </suite> <!-- Default suite -->
</testng-results>
